
*** Running vivado
    with args -log InstructionFetchUnit.vds -m64 -product Vivado -mode batch -messageDb vivado.pb -notrace -source InstructionFetchUnit.tcl



****** Vivado v2024.1 (64-bit)
  **** SW Build 5076996 on Wed May 22 18:37:14 MDT 2024
  **** IP Build 5075265 on Wed May 22 21:45:21 MDT 2024
  **** SharedData Build 5076995 on Wed May 22 18:29:18 MDT 2024
  **** Start of session at: Tue Sep 10 18:51:25 2024
    ** Copyright 1986-2022 Xilinx, Inc. All Rights Reserved.
    ** Copyright 2022-2024 Advanced Micro Devices, Inc. All Rights Reserved.

source InstructionFetchUnit.tcl -notrace
create_project: Time (s): cpu = 00:00:04 ; elapsed = 00:00:05 . Memory (MB): peak = 556.344 ; gain = 200.500
Command: synth_design -top InstructionFetchUnit -part xc7a100tcsg324-1
Starting synth_design
Attempting to get a license for feature 'Synthesis' and/or device 'xc7a100t'
INFO: [Common 17-349] Got license for feature 'Synthesis' and/or device 'xc7a100t'
INFO: [Synth 8-7079] Multithreading enabled for synth_design using a maximum of 2 processes.
INFO: [Synth 8-7078] Launching helper process for spawning children vivado processes
INFO: [Synth 8-7075] Helper process launched with PID 49288
---------------------------------------------------------------------------------
Starting Synthesize : Time (s): cpu = 00:00:03 ; elapsed = 00:00:04 . Memory (MB): peak = 1013.305 ; gain = 452.992
---------------------------------------------------------------------------------
INFO: [Synth 8-6157] synthesizing module 'InstructionFetchUnit' [C:/Users/Koby Butler/Desktop/ECE369Lab1/1-InstructionFetchUnit/InstructionFetchUnit.v:16]
INFO: [Synth 8-6157] synthesizing module 'ProgramCounter' [C:/Users/Koby Butler/Desktop/ECE369Lab1/1-InstructionFetchUnit/ProgramCounter.v:10]
INFO: [Synth 8-6155] done synthesizing module 'ProgramCounter' (0#1) [C:/Users/Koby Butler/Desktop/ECE369Lab1/1-InstructionFetchUnit/ProgramCounter.v:10]
INFO: [Synth 8-6157] synthesizing module 'PCAdder' [C:/Users/Koby Butler/Desktop/ECE369Lab1/1-InstructionFetchUnit/PCAdder.v:10]
INFO: [Synth 8-6155] done synthesizing module 'PCAdder' (0#1) [C:/Users/Koby Butler/Desktop/ECE369Lab1/1-InstructionFetchUnit/PCAdder.v:10]
INFO: [Synth 8-6157] synthesizing module 'InstructionMemory' [C:/Users/Koby Butler/Desktop/ECE369Lab1/1-InstructionFetchUnit/InstructionMemory.v:10]
INFO: [Synth 8-6155] done synthesizing module 'InstructionMemory' (0#1) [C:/Users/Koby Butler/Desktop/ECE369Lab1/1-InstructionFetchUnit/InstructionMemory.v:10]
INFO: [Synth 8-6155] done synthesizing module 'InstructionFetchUnit' (0#1) [C:/Users/Koby Butler/Desktop/ECE369Lab1/1-InstructionFetchUnit/InstructionFetchUnit.v:16]
WARNING: [Synth 8-7129] Port Address[31] in module InstructionMemory is either unconnected or has no load
WARNING: [Synth 8-7129] Port Address[30] in module InstructionMemory is either unconnected or has no load
WARNING: [Synth 8-7129] Port Address[29] in module InstructionMemory is either unconnected or has no load
WARNING: [Synth 8-7129] Port Address[28] in module InstructionMemory is either unconnected or has no load
WARNING: [Synth 8-7129] Port Address[27] in module InstructionMemory is either unconnected or has no load
WARNING: [Synth 8-7129] Port Address[26] in module InstructionMemory is either unconnected or has no load
WARNING: [Synth 8-7129] Port Address[25] in module InstructionMemory is either unconnected or has no load
WARNING: [Synth 8-7129] Port Address[24] in module InstructionMemory is either unconnected or has no load
WARNING: [Synth 8-7129] Port Address[23] in module InstructionMemory is either unconnected or has no load
WARNING: [Synth 8-7129] Port Address[22] in module InstructionMemory is either unconnected or has no load
WARNING: [Synth 8-7129] Port Address[21] in module InstructionMemory is either unconnected or has no load
WARNING: [Synth 8-7129] Port Address[20] in module InstructionMemory is either unconnected or has no load
WARNING: [Synth 8-7129] Port Address[19] in module InstructionMemory is either unconnected or has no load
WARNING: [Synth 8-7129] Port Address[18] in module InstructionMemory is either unconnected or has no load
WARNING: [Synth 8-7129] Port Address[17] in module InstructionMemory is either unconnected or has no load
WARNING: [Synth 8-7129] Port Address[16] in module InstructionMemory is either unconnected or has no load
WARNING: [Synth 8-7129] Port Address[15] in module InstructionMemory is either unconnected or has no load
WARNING: [Synth 8-7129] Port Address[14] in module InstructionMemory is either unconnected or has no load
WARNING: [Synth 8-7129] Port Address[13] in module InstructionMemory is either unconnected or has no load
WARNING: [Synth 8-7129] Port Address[12] in module InstructionMemory is either unconnected or has no load
WARNING: [Synth 8-7129] Port Address[11] in module InstructionMemory is either unconnected or has no load
WARNING: [Synth 8-7129] Port Address[10] in module InstructionMemory is either unconnected or has no load
WARNING: [Synth 8-7129] Port Address[9] in module InstructionMemory is either unconnected or has no load
WARNING: [Synth 8-7129] Port Address[1] in module InstructionMemory is either unconnected or has no load
WARNING: [Synth 8-7129] Port Address[0] in module InstructionMemory is either unconnected or has no load
---------------------------------------------------------------------------------
Finished Synthesize : Time (s): cpu = 00:00:04 ; elapsed = 00:00:05 . Memory (MB): peak = 1122.676 ; gain = 562.363
---------------------------------------------------------------------------------
---------------------------------------------------------------------------------
Finished Constraint Validation : Time (s): cpu = 00:00:04 ; elapsed = 00:00:05 . Memory (MB): peak = 1122.676 ; gain = 562.363
---------------------------------------------------------------------------------
---------------------------------------------------------------------------------
Start Loading Part and Timing Information
---------------------------------------------------------------------------------
Loading part: xc7a100tcsg324-1
---------------------------------------------------------------------------------
Finished Loading Part and Timing Information : Time (s): cpu = 00:00:04 ; elapsed = 00:00:05 . Memory (MB): peak = 1122.676 ; gain = 562.363
---------------------------------------------------------------------------------
INFO: [Device 21-403] Loading part xc7a100tcsg324-1
---------------------------------------------------------------------------------
Finished RTL Optimization Phase 2 : Time (s): cpu = 00:00:04 ; elapsed = 00:00:06 . Memory (MB): peak = 1122.676 ; gain = 562.363
---------------------------------------------------------------------------------
No constraint files found.
---------------------------------------------------------------------------------
Start RTL Component Statistics 
---------------------------------------------------------------------------------
Detailed RTL Component Info : 
+---Adders : 
	   2 Input   32 Bit       Adders := 1     
+---Registers : 
	               32 Bit    Registers := 1     
+---Muxes : 
	 129 Input   32 Bit        Muxes := 1     
---------------------------------------------------------------------------------
Finished RTL Component Statistics 
---------------------------------------------------------------------------------
---------------------------------------------------------------------------------
Start Part Resource Summary
---------------------------------------------------------------------------------
INFO: [Device 21-9227] Part: xc7a100tcsg324-1 does not have CEAM library.
Part Resources:
DSPs: 240 (col length:80)
BRAMs: 270 (col length: RAMB18 80 RAMB36 40)
---------------------------------------------------------------------------------
Finished Part Resource Summary
---------------------------------------------------------------------------------
No constraint files found.
---------------------------------------------------------------------------------
Start Cross Boundary and Area Optimization
---------------------------------------------------------------------------------
WARNING: [Synth 8-7080] Parallel synthesis criteria is not met
WARNING: [Synth 8-7129] Port Address[31] in module InstructionMemory is either unconnected or has no load
WARNING: [Synth 8-7129] Port Address[30] in module InstructionMemory is either unconnected or has no load
WARNING: [Synth 8-7129] Port Address[29] in module InstructionMemory is either unconnected or has no load
WARNING: [Synth 8-7129] Port Address[28] in module InstructionMemory is either unconnected or has no load
WARNING: [Synth 8-7129] Port Address[27] in module InstructionMemory is either unconnected or has no load
WARNING: [Synth 8-7129] Port Address[26] in module InstructionMemory is either unconnected or has no load
WARNING: [Synth 8-7129] Port Address[25] in module InstructionMemory is either unconnected or has no load
WARNING: [Synth 8-7129] Port Address[24] in module InstructionMemory is either unconnected or has no load
WARNING: [Synth 8-7129] Port Address[23] in module InstructionMemory is either unconnected or has no load
WARNING: [Synth 8-7129] Port Address[22] in module InstructionMemory is either unconnected or has no load
WARNING: [Synth 8-7129] Port Address[21] in module InstructionMemory is either unconnected or has no load
WARNING: [Synth 8-7129] Port Address[20] in module InstructionMemory is either unconnected or has no load
WARNING: [Synth 8-7129] Port Address[19] in module InstructionMemory is either unconnected or has no load
WARNING: [Synth 8-7129] Port Address[18] in module InstructionMemory is either unconnected or has no load
WARNING: [Synth 8-7129] Port Address[17] in module InstructionMemory is either unconnected or has no load
WARNING: [Synth 8-7129] Port Address[16] in module InstructionMemory is either unconnected or has no load
WARNING: [Synth 8-7129] Port Address[15] in module InstructionMemory is either unconnected or has no load
WARNING: [Synth 8-7129] Port Address[14] in module InstructionMemory is either unconnected or has no load
WARNING: [Synth 8-7129] Port Address[13] in module InstructionMemory is either unconnected or has no load
WARNING: [Synth 8-7129] Port Address[12] in module InstructionMemory is either unconnected or has no load
WARNING: [Synth 8-7129] Port Address[11] in module InstructionMemory is either unconnected or has no load
WARNING: [Synth 8-7129] Port Address[10] in module InstructionMemory is either unconnected or has no load
WARNING: [Synth 8-7129] Port Address[9] in module InstructionMemory is either unconnected or has no load
WARNING: [Synth 8-7129] Port Address[1] in module InstructionMemory is either unconnected or has no load
WARNING: [Synth 8-7129] Port Address[0] in module InstructionMemory is either unconnected or has no load
---------------------------------------------------------------------------------
Finished Cross Boundary and Area Optimization : Time (s): cpu = 00:00:06 ; elapsed = 00:00:10 . Memory (MB): peak = 1332.121 ; gain = 771.809
---------------------------------------------------------------------------------
No constraint files found.
---------------------------------------------------------------------------------
Start Timing Optimization
---------------------------------------------------------------------------------
---------------------------------------------------------------------------------
Finished Timing Optimization : Time (s): cpu = 00:00:06 ; elapsed = 00:00:10 . Memory (MB): peak = 1332.121 ; gain = 771.809
---------------------------------------------------------------------------------
---------------------------------------------------------------------------------
Start Technology Mapping
---------------------------------------------------------------------------------
---------------------------------------------------------------------------------
Finished Technology Mapping : Time (s): cpu = 00:00:06 ; elapsed = 00:00:10 . Memory (MB): peak = 1332.121 ; gain = 771.809
---------------------------------------------------------------------------------
---------------------------------------------------------------------------------
Start IO Insertion
---------------------------------------------------------------------------------
---------------------------------------------------------------------------------
Start Flattening Before IO Insertion
---------------------------------------------------------------------------------
---------------------------------------------------------------------------------
Finished Flattening Before IO Insertion
---------------------------------------------------------------------------------
---------------------------------------------------------------------------------
Start Final Netlist Cleanup
---------------------------------------------------------------------------------
---------------------------------------------------------------------------------
Finished Final Netlist Cleanup
---------------------------------------------------------------------------------
---------------------------------------------------------------------------------
Finished IO Insertion : Time (s): cpu = 00:00:06 ; elapsed = 00:00:12 . Memory (MB): peak = 1332.121 ; gain = 771.809
---------------------------------------------------------------------------------
---------------------------------------------------------------------------------
Start Renaming Generated Instances
---------------------------------------------------------------------------------
---------------------------------------------------------------------------------
Finished Renaming Generated Instances : Time (s): cpu = 00:00:06 ; elapsed = 00:00:12 . Memory (MB): peak = 1332.121 ; gain = 771.809
---------------------------------------------------------------------------------
---------------------------------------------------------------------------------
Start Rebuilding User Hierarchy
---------------------------------------------------------------------------------
---------------------------------------------------------------------------------
Finished Rebuilding User Hierarchy : Time (s): cpu = 00:00:06 ; elapsed = 00:00:12 . Memory (MB): peak = 1332.121 ; gain = 771.809
---------------------------------------------------------------------------------
---------------------------------------------------------------------------------
Start Renaming Generated Ports
---------------------------------------------------------------------------------
---------------------------------------------------------------------------------
Finished Renaming Generated Ports : Time (s): cpu = 00:00:06 ; elapsed = 00:00:12 . Memory (MB): peak = 1332.121 ; gain = 771.809
---------------------------------------------------------------------------------
---------------------------------------------------------------------------------
Start Handling Custom Attributes
---------------------------------------------------------------------------------
---------------------------------------------------------------------------------
Finished Handling Custom Attributes : Time (s): cpu = 00:00:06 ; elapsed = 00:00:12 . Memory (MB): peak = 1332.121 ; gain = 771.809
---------------------------------------------------------------------------------
---------------------------------------------------------------------------------
Start Renaming Generated Nets
---------------------------------------------------------------------------------
---------------------------------------------------------------------------------
Finished Renaming Generated Nets : Time (s): cpu = 00:00:06 ; elapsed = 00:00:12 . Memory (MB): peak = 1332.121 ; gain = 771.809
---------------------------------------------------------------------------------
---------------------------------------------------------------------------------
Start Writing Synthesis Report
---------------------------------------------------------------------------------

Report BlackBoxes: 
+-+--------------+----------+
| |BlackBox name |Instances |
+-+--------------+----------+
+-+--------------+----------+

Report Cell Usage: 
+------+-------+------+
|      |Cell   |Count |
+------+-------+------+
|1     |BUFG   |     1|
|2     |CARRY4 |     8|
|3     |LUT1   |     1|
|4     |LUT2   |     1|
|5     |LUT3   |     1|
|6     |LUT4   |     1|
|7     |LUT5   |     2|
|8     |LUT6   |     5|
|9     |MUXF7  |     2|
|10    |FDCE   |    30|
|11    |IBUF   |     2|
|12    |OBUF   |    64|
+------+-------+------+

Report Instance Areas: 
+------+---------+---------------+------+
|      |Instance |Module         |Cells |
+------+---------+---------------+------+
|1     |top      |               |   118|
|2     |  pc     |ProgramCounter |    51|
+------+---------+---------------+------+
---------------------------------------------------------------------------------
Finished Writing Synthesis Report : Time (s): cpu = 00:00:06 ; elapsed = 00:00:12 . Memory (MB): peak = 1332.121 ; gain = 771.809
---------------------------------------------------------------------------------
Synthesis finished with 0 errors, 0 critical warnings and 51 warnings.
Synthesis Optimization Runtime : Time (s): cpu = 00:00:06 ; elapsed = 00:00:12 . Memory (MB): peak = 1332.121 ; gain = 771.809
Synthesis Optimization Complete : Time (s): cpu = 00:00:06 ; elapsed = 00:00:12 . Memory (MB): peak = 1332.121 ; gain = 771.809
INFO: [Project 1-571] Translating synthesized netlist
Netlist sorting complete. Time (s): cpu = 00:00:00 ; elapsed = 00:00:00.001 . Memory (MB): peak = 1336.016 ; gain = 0.000
INFO: [Netlist 29-17] Analyzing 10 Unisim elements for replacement
INFO: [Netlist 29-28] Unisim Transformation completed in 0 CPU seconds
INFO: [Project 1-570] Preparing netlist for logic optimization
INFO: [Opt 31-138] Pushed 0 inverter(s) to 0 load pin(s).
Netlist sorting complete. Time (s): cpu = 00:00:00 ; elapsed = 00:00:00 . Memory (MB): peak = 1436.848 ; gain = 0.000
INFO: [Project 1-111] Unisim Transformation Summary:
No Unisim elements were transformed.

Synth Design complete | Checksum: e8f21247
INFO: [Common 17-83] Releasing license: Synthesis
21 Infos, 51 Warnings, 0 Critical Warnings and 0 Errors encountered.
synth_design completed successfully
synth_design: Time (s): cpu = 00:00:06 ; elapsed = 00:00:13 . Memory (MB): peak = 1436.848 ; gain = 880.504
Write ShapeDB Complete: Time (s): cpu = 00:00:00 ; elapsed = 00:00:00.001 . Memory (MB): peak = 1436.848 ; gain = 0.000
INFO: [Common 17-1381] The checkpoint 'C:/Users/Koby Butler/Desktop/Lab1/Lab1.runs/synth_1/InstructionFetchUnit.dcp' has been generated.
INFO: [Vivado 12-24828] Executing command : report_utilization -file InstructionFetchUnit_utilization_synth.rpt -pb InstructionFetchUnit_utilization_synth.pb
INFO: [Common 17-206] Exiting Vivado at Tue Sep 10 18:51:45 2024...
